<?xml version="1.0" encoding="UTF-8"?>
<!-- Generated by org.testng.reporters.JUnitReportReporter -->
<testsuite hostname="Niaz" name="testcases.VerifyCreateApage" tests="1" failures="0" timestamp="13 Feb 2017 23:03:01 GMT" time="11.677" errors="0">
  <testcase name="createTestPage" time="11.677" classname="testcases.VerifyCreateApage"/>
</testsuite> <!-- testcases.VerifyCreateApage -->
