<?xml version="1.0" encoding="UTF-8"?>
<!-- Generated by org.testng.reporters.JUnitReportReporter -->
<testsuite hostname="Niaz" name="testcases.VerifySignUpPage" tests="1" failures="0" timestamp="13 Feb 2017 23:03:01 GMT" time="13.541" errors="0">
  <testcase name="testSignPage" time="13.541" classname="testcases.VerifySignUpPage"/>
</testsuite> <!-- testcases.VerifySignUpPage -->
